--------------------------------------------------------------------------------
Release 14.6 Trace  (nt64)
Copyright (c) 1995-2013 Xilinx, Inc.  All rights reserved.

D:\ISE\14.6\ISE_DS\ISE\bin\nt64\unwrapped\trce.exe -intstyle ise -v 3 -s 3 -n 3
-fastpaths -xml demo06.twx demo06.ncd -o demo06.twr demo06.pcf -ucf
demo06_C.ucf

Design file:              demo06.ncd
Physical constraint file: demo06.pcf
Device,package,speed:     xc6slx16,csg324,C,-3 (PRODUCTION 1.23 2013-06-08)
Report level:             verbose report

Environment Variable      Effect 
--------------------      ------ 
NONE                      No environment variables were set
--------------------------------------------------------------------------------

INFO:Timing:2698 - No timing constraints found, doing default enumeration.
INFO:Timing:3412 - To improve timing, see the Timing Closure User Guide (UG612).
INFO:Timing:2752 - To get complete path coverage, use the unconstrained paths 
   option. All paths that are not constrained will be reported in the 
   unconstrained paths section(s) of the report.
INFO:Timing:3339 - The clock-to-out numbers in this timing report are based on 
   a 50 Ohm transmission line loading model.  For the details of this model, 
   and for more information on accounting for different loading conditions, 
   please see the device datasheet.



Data Sheet report:
-----------------
All values displayed in nanoseconds (ns)

Pad to Pad
---------------+---------------+---------+
Source Pad     |Destination Pad|  Delay  |
---------------+---------------+---------+
A<0>           |C4             |    7.884|
A<0>           |F<0>           |    7.524|
A<0>           |F<1>           |    7.329|
A<0>           |F<2>           |    7.103|
A<0>           |F<3>           |    7.909|
A<1>           |C4             |    7.714|
A<1>           |F<1>           |    7.159|
A<1>           |F<2>           |    7.222|
A<1>           |F<3>           |    7.739|
A<2>           |C4             |    6.922|
A<2>           |F<2>           |    7.460|
A<2>           |F<3>           |    6.947|
A<3>           |C4             |    7.448|
A<3>           |F<3>           |    7.473|
B<0>           |C4             |    7.739|
B<0>           |F<0>           |    7.909|
B<0>           |F<1>           |    7.184|
B<0>           |F<2>           |    7.327|
B<0>           |F<3>           |    7.764|
B<1>           |C4             |    7.465|
B<1>           |F<1>           |    6.910|
B<1>           |F<2>           |    7.130|
B<1>           |F<3>           |    7.490|
B<2>           |C4             |    6.696|
B<2>           |F<2>           |    7.249|
B<2>           |F<3>           |    6.721|
B<3>           |C4             |    7.523|
B<3>           |F<3>           |    7.548|
C0             |C4             |   11.617|
C0             |F<0>           |   11.361|
C0             |F<1>           |   11.062|
C0             |F<2>           |   11.004|
C0             |F<3>           |   11.642|
---------------+---------------+---------+


Analysis completed Wed Dec 02 18:29:18 2015 
--------------------------------------------------------------------------------

Trace Settings:
-------------------------
Trace Settings 

Peak Memory Usage: 215 MB



