Release 14.6 - xst P.68d (nt64)
Copyright (c) 1995-2013 Xilinx, Inc.  All rights reserved.
--> Parameter TMPDIR set to xst/projnav.tmp


Total REAL time to Xst completion: 0.00 secs
Total CPU time to Xst completion: 0.20 secs
 
--> Parameter xsthdpdir set to xst


Total REAL time to Xst completion: 0.00 secs
Total CPU time to Xst completion: 0.20 secs
 
--> Reading design: demo09.prj

TABLE OF CONTENTS
  1) Synthesis Options Summary
  2) HDL Parsing
  3) HDL Elaboration
  4) HDL Synthesis
       4.1) HDL Synthesis Report
  5) Advanced HDL Synthesis
       5.1) Advanced HDL Synthesis Report
  6) Low Level Synthesis
  7) Partition Report
  8) Design Summary
       8.1) Primitive and Black Box Usage
       8.2) Device utilization summary
       8.3) Partition Resource Summary
       8.4) Timing Report
            8.4.1) Clock Information
            8.4.2) Asynchronous Control Signals Information
            8.4.3) Timing Summary
            8.4.4) Timing Details
            8.4.5) Cross Clock Domains Report


=========================================================================
*                      Synthesis Options Summary                        *
=========================================================================
---- Source Parameters
Input File Name                    : "demo09.prj"
Ignore Synthesis Constraint File   : NO

---- Target Parameters
Output File Name                   : "demo09"
Output Format                      : NGC
Target Device                      : xc6slx16-3-csg324

---- Source Options
Top Module Name                    : demo09
Automatic FSM Extraction           : YES
FSM Encoding Algorithm             : Auto
Safe Implementation                : No
FSM Style                          : LUT
RAM Extraction                     : Yes
RAM Style                          : Auto
ROM Extraction                     : Yes
Shift Register Extraction          : YES
ROM Style                          : Auto
Resource Sharing                   : YES
Asynchronous To Synchronous        : NO
Shift Register Minimum Size        : 2
Use DSP Block                      : Auto
Automatic Register Balancing       : No

---- Target Options
LUT Combining                      : Auto
Reduce Control Sets                : Auto
Add IO Buffers                     : YES
Global Maximum Fanout              : 100000
Add Generic Clock Buffer(BUFG)     : 16
Register Duplication               : YES
Optimize Instantiated Primitives   : NO
Use Clock Enable                   : Auto
Use Synchronous Set                : Auto
Use Synchronous Reset              : Auto
Pack IO Registers into IOBs        : Auto
Equivalent register Removal        : YES

---- General Options
Optimization Goal                  : Speed
Optimization Effort                : 1
Power Reduction                    : NO
Keep Hierarchy                     : No
Netlist Hierarchy                  : As_Optimized
RTL Output                         : Yes
Global Optimization                : AllClockNets
Read Cores                         : YES
Write Timing Constraints           : NO
Cross Clock Analysis               : NO
Hierarchy Separator                : /
Bus Delimiter                      : <>
Case Specifier                     : Maintain
Slice Utilization Ratio            : 100
BRAM Utilization Ratio             : 100
DSP48 Utilization Ratio            : 100
Auto BRAM Packing                  : NO
Slice Utilization Ratio Delta      : 5

=========================================================================


=========================================================================
*                          HDL Parsing                                  *
=========================================================================
Analyzing Verilog file "D:\ISE\project\demo09\demo09.v" into library work
Parsing module <demo09>.

=========================================================================
*                            HDL Elaboration                            *
=========================================================================

Elaborating module <demo09>.

=========================================================================
*                           HDL Synthesis                               *
=========================================================================

Synthesizing Unit <demo09>.
    Related source file is "D:\ISE\project\demo09\demo09.v".
    Found 1-bit register for signal <Qn>.
    Found 1-bit register for signal <Q>.
    Summary:
	inferred   2 D-type flip-flop(s).
Unit <demo09> synthesized.

=========================================================================
HDL Synthesis Report

Macro Statistics
# Registers                                            : 2
 1-bit register                                        : 2

=========================================================================

=========================================================================
*                       Advanced HDL Synthesis                          *
=========================================================================


=========================================================================
Advanced HDL Synthesis Report

Macro Statistics
# Registers                                            : 2
 Flip-Flops                                            : 2

=========================================================================

=========================================================================
*                         Low Level Synthesis                           *
=========================================================================
WARNING:Xst:3002 - This design contains one or more registers/latches that are directly
   incompatible with the Spartan6 architecture. The two primary causes of this is
   either a register or latch described with both an asynchronous set and
   asynchronous reset, or a register or latch described with an asynchronous
   set or reset which however has an initialization value of the opposite 
   polarity (i.e. asynchronous reset with an initialization value of 1).
    While this circuit can be built, it creates a sub-optimal implementation
   in terms of area, power and performance. For a more optimal implementation
   Xilinx highly recommends one of the following:

          1) Remove either the set or reset from all registers and latches
             if not needed for required functionality
          2) Modify the code in order to produce a synchronous set
             and/or reset (both is preferred)
          3) Ensure all registers have the same initialization value as the
             described asynchronous set or reset polarity
          4) Use the -async_to_sync option to transform the asynchronous
             set/reset to synchronous operation
             (timing simulation highly recommended when using this option)

  Please refer to http://www.xilinx.com search string "Spartan6 asynchronous set/reset" for more details.

  List of register instances with asynchronous set and reset:
    Qn in unit <demo09>
    Q in unit <demo09>


Optimizing unit <demo09> ...

Mapping all equations...
Building and optimizing final netlist ...
Found area constraint ratio of 100 (+ 5) on block demo09, actual ratio is 0.

Final Macro Processing ...

=========================================================================
Final Register Report

Macro Statistics
# Registers                                            : 4
 Flip-Flops                                            : 4

=========================================================================

=========================================================================
*                           Partition Report                            *
=========================================================================

Partition Implementation Status
-------------------------------

  No Partitions were found in this design.

-------------------------------

=========================================================================
*                            Design Summary                             *
=========================================================================

Top Level Output File Name         : demo09.ngc

Primitive and Black Box Usage:
------------------------------
# BELS                             : 9
#      INV                         : 5
#      LUT2                        : 1
#      LUT3                        : 2
#      VCC                         : 1
# FlipFlops/Latches                : 6
#      FDC                         : 2
#      FDP                         : 2
#      LDC                         : 2
# Clock Buffers                    : 3
#      BUFG                        : 2
#      BUFGP                       : 1
# IO Buffers                       : 5
#      IBUF                        : 3
#      OBUF                        : 2

Device utilization summary:
---------------------------

Selected Device : 6slx16csg324-3 


Slice Logic Utilization: 
 Number of Slice Registers:               6  out of  18224     0%  
 Number of Slice LUTs:                    8  out of   9112     0%  
    Number used as Logic:                 8  out of   9112     0%  

Slice Logic Distribution: 
 Number of LUT Flip Flop pairs used:     14
   Number with an unused Flip Flop:       8  out of     14    57%  
   Number with an unused LUT:             6  out of     14    42%  
   Number of fully used LUT-FF pairs:     0  out of     14     0%  
   Number of unique control sets:         5

IO Utilization: 
 Number of IOs:                           6
 Number of bonded IOBs:                   6  out of    232     2%  

Specific Feature Utilization:
 Number of BUFG/BUFGCTRLs:                3  out of     16    18%  

---------------------------
Partition Resource Summary:
---------------------------

  No Partitions were found in this design.

---------------------------


=========================================================================
Timing Report

NOTE: THESE TIMING NUMBERS ARE ONLY A SYNTHESIS ESTIMATE.
      FOR ACCURATE TIMING INFORMATION PLEASE REFER TO THE TRACE REPORT
      GENERATED AFTER PLACE-and-ROUTE.

Clock Information:
------------------
-----------------------------------+------------------------+-------+
Clock Signal                       | Clock buffer(FF name)  | Load  |
-----------------------------------+------------------------+-------+
PRE                                | IBUF+BUFG              | 1     |
CLK                                | BUFGP                  | 4     |
CLR                                | IBUF+BUFG              | 1     |
-----------------------------------+------------------------+-------+

Asynchronous Control Signals Information:
----------------------------------------
No asynchronous control signals found in this design

Timing Summary:
---------------
Speed Grade: -3

   Minimum period: No path found
   Minimum input arrival time before clock: 3.193ns
   Maximum output required time after clock: 4.661ns
   Maximum combinational path delay: No path found

Timing Details:
---------------
All values displayed in nanoseconds (ns)

=========================================================================
Timing constraint: Default OFFSET IN BEFORE for Clock 'PRE'
  Total number of paths / destination ports: 2 / 1
-------------------------------------------------------------------------
Offset:              3.193ns (Levels of Logic = 2)
  Source:            CLR (PAD)
  Destination:       Q_LDC (LATCH)
  Destination Clock: PRE rising

  Data Path: CLR to Q_LDC
                                Gate     Net
    Cell:in->out      fanout   Delay   Delay  Logical Name (Net Name)
    ----------------------------------------  ------------
     IBUF:I->O             2   1.222   0.721  CLR_IBUF (CLR_IBUF)
     LUT2:I0->O            2   0.203   0.616  CLR_PRE_AND_2_o1 (CLR_PRE_AND_2_o)
     LDC:CLR                   0.430          Q_LDC
    ----------------------------------------
    Total                      3.193ns (1.855ns logic, 1.338ns route)
                                       (58.1% logic, 41.9% route)

=========================================================================
Timing constraint: Default OFFSET IN BEFORE for Clock 'CLK'
  Total number of paths / destination ports: 9 / 8
-------------------------------------------------------------------------
Offset:              3.193ns (Levels of Logic = 2)
  Source:            CLR (PAD)
  Destination:       Q_C (FF)
  Destination Clock: CLK rising

  Data Path: CLR to Q_C
                                Gate     Net
    Cell:in->out      fanout   Delay   Delay  Logical Name (Net Name)
    ----------------------------------------  ------------
     IBUF:I->O             2   1.222   0.721  CLR_IBUF (CLR_IBUF)
     LUT2:I0->O            2   0.203   0.616  CLR_PRE_AND_2_o1 (CLR_PRE_AND_2_o)
     FDC:CLR                   0.430          Q_C
    ----------------------------------------
    Total                      3.193ns (1.855ns logic, 1.338ns route)
                                       (58.1% logic, 41.9% route)

=========================================================================
Timing constraint: Default OFFSET IN BEFORE for Clock 'CLR'
  Total number of paths / destination ports: 1 / 1
-------------------------------------------------------------------------
Offset:              3.125ns (Levels of Logic = 2)
  Source:            PRE (PAD)
  Destination:       Qn_LDC (LATCH)
  Destination Clock: CLR rising

  Data Path: PRE to Qn_LDC
                                Gate     Net
    Cell:in->out      fanout   Delay   Delay  Logical Name (Net Name)
    ----------------------------------------  ------------
     IBUF:I->O             2   1.222   0.616  PRE_IBUF (PRE_IBUF)
     INV:I->O              3   0.206   0.650  PRE_IBUF_BUFG_LUT1_INV_0 (PRE_IBUF_BUFG_LUT1)
     LDC:CLR                   0.430          Qn_LDC
    ----------------------------------------
    Total                      3.125ns (1.858ns logic, 1.266ns route)
                                       (59.5% logic, 40.5% route)

=========================================================================
Timing constraint: Default OFFSET OUT AFTER for Clock 'PRE'
  Total number of paths / destination ports: 1 / 1
-------------------------------------------------------------------------
Offset:              4.661ns (Levels of Logic = 2)
  Source:            Q_LDC (LATCH)
  Destination:       Q (PAD)
  Source Clock:      PRE rising

  Data Path: Q_LDC to Q
                                Gate     Net
    Cell:in->out      fanout   Delay   Delay  Logical Name (Net Name)
    ----------------------------------------  ------------
     LDC:G->Q              1   0.498   0.808  Q_LDC (Q_LDC)
     LUT3:I0->O            1   0.205   0.579  Q1 (Q_OBUF)
     OBUF:I->O                 2.571          Q_OBUF (Q)
    ----------------------------------------
    Total                      4.661ns (3.274ns logic, 1.387ns route)
                                       (70.2% logic, 29.8% route)

=========================================================================
Timing constraint: Default OFFSET OUT AFTER for Clock 'CLK'
  Total number of paths / destination ports: 4 / 2
-------------------------------------------------------------------------
Offset:              4.484ns (Levels of Logic = 2)
  Source:            Q_P (FF)
  Destination:       Q (PAD)
  Source Clock:      CLK rising

  Data Path: Q_P to Q
                                Gate     Net
    Cell:in->out      fanout   Delay   Delay  Logical Name (Net Name)
    ----------------------------------------  ------------
     FDP:C->Q              1   0.447   0.684  Q_P (Q_P)
     LUT3:I1->O            1   0.203   0.579  Q1 (Q_OBUF)
     OBUF:I->O                 2.571          Q_OBUF (Q)
    ----------------------------------------
    Total                      4.484ns (3.221ns logic, 1.263ns route)
                                       (71.8% logic, 28.2% route)

=========================================================================
Timing constraint: Default OFFSET OUT AFTER for Clock 'CLR'
  Total number of paths / destination ports: 1 / 1
-------------------------------------------------------------------------
Offset:              4.661ns (Levels of Logic = 2)
  Source:            Qn_LDC (LATCH)
  Destination:       Qn (PAD)
  Source Clock:      CLR rising

  Data Path: Qn_LDC to Qn
                                Gate     Net
    Cell:in->out      fanout   Delay   Delay  Logical Name (Net Name)
    ----------------------------------------  ------------
     LDC:G->Q              1   0.498   0.808  Qn_LDC (Qn_LDC)
     LUT3:I0->O            1   0.205   0.579  Qn1 (Qn_OBUF)
     OBUF:I->O                 2.571          Qn_OBUF (Qn)
    ----------------------------------------
    Total                      4.661ns (3.274ns logic, 1.387ns route)
                                       (70.2% logic, 29.8% route)

=========================================================================

Cross Clock Domains Report:
--------------------------

=========================================================================


Total REAL time to Xst completion: 10.00 secs
Total CPU time to Xst completion: 10.06 secs
 
--> 

Total memory usage is 232104 kilobytes

Number of errors   :    0 (   0 filtered)
Number of warnings :    1 (   0 filtered)
Number of infos    :    0 (   0 filtered)

