#-----------------------------------------------------------
# PlanAhead v14.6 (64-bit)
# Build 269223 by xbuild on Wed Jun  5 11:14:03 MDT 2013
# Start of session at: Wed Nov 25 18:15:41 2015
# Process ID: 4020
# Log file: D:/ISE/project/demo02/planAhead_run_2/planAhead.log
# Journal file: D:/ISE/project/demo02/planAhead_run_2/planAhead.jou
#-----------------------------------------------------------
INFO: [Common 17-78] Attempting to get a license: PlanAhead
INFO: [Common 17-290] Got license for PlanAhead
INFO: [Device 21-36] Loading parts and site information from D:/ISE/14.6/ISE_DS/PlanAhead/data/parts/arch.xml
Parsing RTL primitives file [D:/ISE/14.6/ISE_DS/PlanAhead/data/parts/xilinx/rtl/prims/rtl_prims.xml]
Finished parsing RTL primitives file [D:/ISE/14.6/ISE_DS/PlanAhead/data/parts/xilinx/rtl/prims/rtl_prims.xml]
start_gui
source D:/ISE/project/demo02/pa.fromHdl.tcl
# create_project -name demo02 -dir "D:/ISE/project/demo02/planAhead_run_2" -part xc6slx16csg324-3
ERROR: [Common 17-53] User Exception: Project already exists on disk, please use '-force' option to overwrite: 
     D:/ISE/project/demo02/planAhead_run_2/demo02.ppr
     D:/ISE/project/demo02/planAhead_run_2/demo02.data

    while executing
"create_project -name demo02 -dir "D:/ISE/project/demo02/planAhead_run_2" -part xc6slx16csg324-3"
    (file "D:/ISE/project/demo02/pa.fromHdl.tcl" line 4)
exit
INFO: [Common 17-206] Exiting PlanAhead at Wed Nov 25 18:16:15 2015...
INFO: [Common 17-83] Releasing license: PlanAhead
