--------------------------------------------------------------------------------
Release 14.6 Trace  (nt64)
Copyright (c) 1995-2013 Xilinx, Inc.  All rights reserved.

D:\ISE\14.6\ISE_DS\ISE\bin\nt64\unwrapped\trce.exe -intstyle ise -v 3 -s 3 -n 3
-fastpaths -xml demo16.twx demo16.ncd -o demo16.twr demo16.pcf -ucf
demo16_C.ucf

Design file:              demo16.ncd
Physical constraint file: demo16.pcf
Device,package,speed:     xc6slx16,csg324,C,-3 (PRODUCTION 1.23 2013-06-08)
Report level:             verbose report

Environment Variable      Effect 
--------------------      ------ 
NONE                      No environment variables were set
--------------------------------------------------------------------------------

INFO:Timing:2698 - No timing constraints found, doing default enumeration.
INFO:Timing:3412 - To improve timing, see the Timing Closure User Guide (UG612).
INFO:Timing:2752 - To get complete path coverage, use the unconstrained paths 
   option. All paths that are not constrained will be reported in the 
   unconstrained paths section(s) of the report.
INFO:Timing:3339 - The clock-to-out numbers in this timing report are based on 
   a 50 Ohm transmission line loading model.  For the details of this model, 
   and for more information on accounting for different loading conditions, 
   please see the device datasheet.



Data Sheet report:
-----------------
All values displayed in nanoseconds (ns)

Setup/Hold to clock clk
------------+------------+------------+------------+------------+------------------+--------+
            |Max Setup to|  Process   |Max Hold to |  Process   |                  | Clock  |
Source      | clk (edge) |   Corner   | clk (edge) |   Corner   |Internal Clock(s) | Phase  |
------------+------------+------------+------------+------------+------------------+--------+
rst         |    4.967(R)|      SLOW  |   -0.581(R)|      SLOW  |clk_BUFGP         |   0.000|
sw<0>       |    4.850(R)|      SLOW  |   -1.066(R)|      FAST  |clk_BUFGP         |   0.000|
sw<1>       |    5.071(R)|      SLOW  |   -1.125(R)|      FAST  |clk_BUFGP         |   0.000|
------------+------------+------------+------------+------------+------------------+--------+

Clock clk to Pad
------------+-----------------+------------+-----------------+------------+------------------+--------+
            |Max (slowest) clk|  Process   |Min (fastest) clk|  Process   |                  | Clock  |
Destination |  (edge) to PAD  |   Corner   |  (edge) to PAD  |   Corner   |Internal Clock(s) | Phase  |
------------+-----------------+------------+-----------------+------------+------------------+--------+
clk_out     |         9.084(R)|      SLOW  |         4.969(R)|      FAST  |clk_BUFGP         |   0.000|
------------+-----------------+------------+-----------------+------------+------------------+--------+

Clock to Setup on destination clock clk
---------------+---------+---------+---------+---------+
               | Src:Rise| Src:Fall| Src:Rise| Src:Fall|
Source Clock   |Dest:Rise|Dest:Rise|Dest:Fall|Dest:Fall|
---------------+---------+---------+---------+---------+
clk            |    5.613|         |         |         |
---------------+---------+---------+---------+---------+


Analysis completed Wed Dec 23 20:35:52 2015 
--------------------------------------------------------------------------------

Trace Settings:
-------------------------
Trace Settings 

Peak Memory Usage: 216 MB



