Release 14.6 - xst P.68d (nt64)
Copyright (c) 1995-2013 Xilinx, Inc.  All rights reserved.
--> Parameter TMPDIR set to xst/projnav.tmp


Total REAL time to Xst completion: 0.00 secs
Total CPU time to Xst completion: 0.09 secs
 
--> Parameter xsthdpdir set to xst


Total REAL time to Xst completion: 0.00 secs
Total CPU time to Xst completion: 0.09 secs
 
--> Reading design: demo16.prj

TABLE OF CONTENTS
  1) Synthesis Options Summary
  2) HDL Parsing
  3) HDL Elaboration
  4) HDL Synthesis
       4.1) HDL Synthesis Report
  5) Advanced HDL Synthesis
       5.1) Advanced HDL Synthesis Report
  6) Low Level Synthesis
  7) Partition Report
  8) Design Summary
       8.1) Primitive and Black Box Usage
       8.2) Device utilization summary
       8.3) Partition Resource Summary
       8.4) Timing Report
            8.4.1) Clock Information
            8.4.2) Asynchronous Control Signals Information
            8.4.3) Timing Summary
            8.4.4) Timing Details
            8.4.5) Cross Clock Domains Report


=========================================================================
*                      Synthesis Options Summary                        *
=========================================================================
---- Source Parameters
Input File Name                    : "demo16.prj"
Ignore Synthesis Constraint File   : NO

---- Target Parameters
Output File Name                   : "demo16"
Output Format                      : NGC
Target Device                      : xc6slx16-3-csg324

---- Source Options
Top Module Name                    : demo16
Automatic FSM Extraction           : YES
FSM Encoding Algorithm             : Auto
Safe Implementation                : No
FSM Style                          : LUT
RAM Extraction                     : Yes
RAM Style                          : Auto
ROM Extraction                     : Yes
Shift Register Extraction          : YES
ROM Style                          : Auto
Resource Sharing                   : YES
Asynchronous To Synchronous        : NO
Shift Register Minimum Size        : 2
Use DSP Block                      : Auto
Automatic Register Balancing       : No

---- Target Options
LUT Combining                      : Auto
Reduce Control Sets                : Auto
Add IO Buffers                     : YES
Global Maximum Fanout              : 100000
Add Generic Clock Buffer(BUFG)     : 16
Register Duplication               : YES
Optimize Instantiated Primitives   : NO
Use Clock Enable                   : Auto
Use Synchronous Set                : Auto
Use Synchronous Reset              : Auto
Pack IO Registers into IOBs        : Auto
Equivalent register Removal        : YES

---- General Options
Optimization Goal                  : Speed
Optimization Effort                : 1
Power Reduction                    : NO
Keep Hierarchy                     : No
Netlist Hierarchy                  : As_Optimized
RTL Output                         : Yes
Global Optimization                : AllClockNets
Read Cores                         : YES
Write Timing Constraints           : NO
Cross Clock Analysis               : NO
Hierarchy Separator                : /
Bus Delimiter                      : <>
Case Specifier                     : Maintain
Slice Utilization Ratio            : 100
BRAM Utilization Ratio             : 100
DSP48 Utilization Ratio            : 100
Auto BRAM Packing                  : NO
Slice Utilization Ratio Delta      : 5

=========================================================================


=========================================================================
*                          HDL Parsing                                  *
=========================================================================
Analyzing Verilog file "D:\ISE\project\demo16\demo16.v" into library work
Parsing module <demo16>.

=========================================================================
*                            HDL Elaboration                            *
=========================================================================

Elaborating module <demo16>.

=========================================================================
*                           HDL Synthesis                               *
=========================================================================

Synthesizing Unit <demo16>.
    Related source file is "D:\ISE\project\demo16\demo16.v".
    Found 9-bit register for signal <counter2>.
    Found 9-bit register for signal <counter3>.
    Found 1-bit register for signal <clk_out>.
    Found 2-bit register for signal <ct>.
    Found 9-bit register for signal <counter1>.
    Found 2-bit adder for signal <ct[1]_GND_1_o_add_61_OUT> created at line 132.
    Found 9-bit adder for signal <counter3[8]_GND_1_o_add_63_OUT> created at line 137.
    Found 9-bit adder for signal <counter2[8]_GND_1_o_add_65_OUT> created at line 142.
    Found 9-bit adder for signal <counter1[8]_GND_1_o_add_66_OUT> created at line 145.
    Found 9-bit 4-to-1 multiplexer for signal <counter1[8]_counter1[8]_mux_92_OUT> created at line 59.
    Found 9-bit 4-to-1 multiplexer for signal <counter2[8]_counter2[8]_mux_93_OUT> created at line 59.
    Found 9-bit 4-to-1 multiplexer for signal <counter3[8]_counter3[8]_mux_94_OUT> created at line 59.
    Found 1-bit 4-to-1 multiplexer for signal <clk_out_clk_out_MUX_22_o> created at line 59.
    Summary:
	inferred   4 Adder/Subtractor(s).
	inferred  30 D-type flip-flop(s).
	inferred  41 Multiplexer(s).
Unit <demo16> synthesized.

=========================================================================
HDL Synthesis Report

Macro Statistics
# Adders/Subtractors                                   : 4
 2-bit adder                                           : 1
 9-bit adder                                           : 3
# Registers                                            : 5
 1-bit register                                        : 1
 2-bit register                                        : 1
 9-bit register                                        : 3
# Multiplexers                                         : 41
 1-bit 2-to-1 multiplexer                              : 6
 1-bit 4-to-1 multiplexer                              : 1
 2-bit 2-to-1 multiplexer                              : 5
 9-bit 2-to-1 multiplexer                              : 26
 9-bit 4-to-1 multiplexer                              : 3

=========================================================================

=========================================================================
*                       Advanced HDL Synthesis                          *
=========================================================================


=========================================================================
Advanced HDL Synthesis Report

Macro Statistics
# Adders/Subtractors                                   : 4
 2-bit adder                                           : 1
 9-bit adder                                           : 3
# Registers                                            : 30
 Flip-Flops                                            : 30
# Multiplexers                                         : 41
 1-bit 2-to-1 multiplexer                              : 6
 1-bit 4-to-1 multiplexer                              : 1
 2-bit 2-to-1 multiplexer                              : 5
 9-bit 2-to-1 multiplexer                              : 26
 9-bit 4-to-1 multiplexer                              : 3

=========================================================================

=========================================================================
*                         Low Level Synthesis                           *
=========================================================================

Optimizing unit <demo16> ...

Mapping all equations...
Building and optimizing final netlist ...
Found area constraint ratio of 100 (+ 5) on block demo16, actual ratio is 0.

Final Macro Processing ...

=========================================================================
Final Register Report

Macro Statistics
# Registers                                            : 30
 Flip-Flops                                            : 30

=========================================================================

=========================================================================
*                           Partition Report                            *
=========================================================================

Partition Implementation Status
-------------------------------

  No Partitions were found in this design.

-------------------------------

=========================================================================
*                            Design Summary                             *
=========================================================================

Top Level Output File Name         : demo16.ngc

Primitive and Black Box Usage:
------------------------------
# BELS                             : 71
#      LUT2                        : 3
#      LUT3                        : 5
#      LUT4                        : 9
#      LUT5                        : 13
#      LUT6                        : 41
# FlipFlops/Latches                : 30
#      FD                          : 30
# Clock Buffers                    : 1
#      BUFGP                       : 1
# IO Buffers                       : 4
#      IBUF                        : 3
#      OBUF                        : 1

Device utilization summary:
---------------------------

Selected Device : 6slx16csg324-3 


Slice Logic Utilization: 
 Number of Slice Registers:              30  out of  18224     0%  
 Number of Slice LUTs:                   71  out of   9112     0%  
    Number used as Logic:                71  out of   9112     0%  

Slice Logic Distribution: 
 Number of LUT Flip Flop pairs used:     71
   Number with an unused Flip Flop:      41  out of     71    57%  
   Number with an unused LUT:             0  out of     71     0%  
   Number of fully used LUT-FF pairs:    30  out of     71    42%  
   Number of unique control sets:         1

IO Utilization: 
 Number of IOs:                           5
 Number of bonded IOBs:                   5  out of    232     2%  

Specific Feature Utilization:
 Number of BUFG/BUFGCTRLs:                1  out of     16     6%  

---------------------------
Partition Resource Summary:
---------------------------

  No Partitions were found in this design.

---------------------------


=========================================================================
Timing Report

NOTE: THESE TIMING NUMBERS ARE ONLY A SYNTHESIS ESTIMATE.
      FOR ACCURATE TIMING INFORMATION PLEASE REFER TO THE TRACE REPORT
      GENERATED AFTER PLACE-and-ROUTE.

Clock Information:
------------------
-----------------------------------+------------------------+-------+
Clock Signal                       | Clock buffer(FF name)  | Load  |
-----------------------------------+------------------------+-------+
clk                                | BUFGP                  | 30    |
-----------------------------------+------------------------+-------+

Asynchronous Control Signals Information:
----------------------------------------
No asynchronous control signals found in this design

Timing Summary:
---------------
Speed Grade: -3

   Minimum period: 4.788ns (Maximum Frequency: 208.862MHz)
   Minimum input arrival time before clock: 4.429ns
   Maximum output required time after clock: 3.634ns
   Maximum combinational path delay: No path found

Timing Details:
---------------
All values displayed in nanoseconds (ns)

=========================================================================
Timing constraint: Default period analysis for Clock 'clk'
  Clock period: 4.788ns (frequency: 208.862MHz)
  Total number of paths / destination ports: 1417 / 30
-------------------------------------------------------------------------
Delay:               4.788ns (Levels of Logic = 4)
  Source:            counter3_2 (FF)
  Destination:       counter3_0 (FF)
  Source Clock:      clk rising
  Destination Clock: clk rising

  Data Path: counter3_2 to counter3_0
                                Gate     Net
    Cell:in->out      fanout   Delay   Delay  Logical Name (Net Name)
    ----------------------------------------  ------------
     FD:C->Q               7   0.447   1.002  counter3_2 (counter3_2)
     LUT4:I1->O            1   0.205   0.580  counter3[8]_GND_1_o_equal_41_o<8>_SW0 (N20)
     LUT6:I5->O            3   0.205   0.879  counter3[8]_GND_1_o_equal_41_o<8> (counter3[8]_GND_1_o_equal_41_o)
     LUT6:I3->O           14   0.205   0.958  Mmux_counter1[8]_counter1[8]_mux_92_OUT101 (Mmux_counter1[8]_counter1[8]_mux_92_OUT101)
     LUT5:I4->O            1   0.205   0.000  Mmux_counter2[8]_counter2[8]_mux_93_OUT21 (counter2[8]_counter2[8]_mux_93_OUT<0>)
     FD:D                      0.102          counter2_0
    ----------------------------------------
    Total                      4.788ns (1.369ns logic, 3.419ns route)
                                       (28.6% logic, 71.4% route)

=========================================================================
Timing constraint: Default OFFSET IN BEFORE for Clock 'clk'
  Total number of paths / destination ports: 119 / 30
-------------------------------------------------------------------------
Offset:              4.429ns (Levels of Logic = 3)
  Source:            rst (PAD)
  Destination:       counter3_5 (FF)
  Destination Clock: clk rising

  Data Path: rst to counter3_5
                                Gate     Net
    Cell:in->out      fanout   Delay   Delay  Logical Name (Net Name)
    ----------------------------------------  ------------
     IBUF:I->O            31   1.222   1.622  rst_IBUF (rst_IBUF)
     LUT5:I0->O            9   0.203   1.077  Mmux_clk_out_clk_out_MUX_22_o121 (Mmux_clk_out_clk_out_MUX_22_o12)
     LUT6:I2->O            1   0.203   0.000  Mmux_counter3[8]_counter3[8]_mux_94_OUT161 (counter3[8]_counter3[8]_mux_94_OUT<7>)
     FD:D                      0.102          counter3_7
    ----------------------------------------
    Total                      4.429ns (1.730ns logic, 2.699ns route)
                                       (39.1% logic, 60.9% route)

=========================================================================
Timing constraint: Default OFFSET OUT AFTER for Clock 'clk'
  Total number of paths / destination ports: 1 / 1
-------------------------------------------------------------------------
Offset:              3.634ns (Levels of Logic = 1)
  Source:            clk_out (FF)
  Destination:       clk_out (PAD)
  Source Clock:      clk rising

  Data Path: clk_out to clk_out
                                Gate     Net
    Cell:in->out      fanout   Delay   Delay  Logical Name (Net Name)
    ----------------------------------------  ------------
     FD:C->Q               2   0.447   0.616  clk_out (clk_out_OBUF)
     OBUF:I->O                 2.571          clk_out_OBUF (clk_out)
    ----------------------------------------
    Total                      3.634ns (3.018ns logic, 0.616ns route)
                                       (83.0% logic, 17.0% route)

=========================================================================

Cross Clock Domains Report:
--------------------------

Clock to Setup on destination clock clk
---------------+---------+---------+---------+---------+
               | Src:Rise| Src:Fall| Src:Rise| Src:Fall|
Source Clock   |Dest:Rise|Dest:Rise|Dest:Fall|Dest:Fall|
---------------+---------+---------+---------+---------+
clk            |    4.788|         |         |         |
---------------+---------+---------+---------+---------+

=========================================================================


Total REAL time to Xst completion: 8.00 secs
Total CPU time to Xst completion: 7.66 secs
 
--> 

Total memory usage is 233128 kilobytes

Number of errors   :    0 (   0 filtered)
Number of warnings :    0 (   0 filtered)
Number of infos    :    0 (   0 filtered)

