Running: D:\ISE\14.6\ISE_DS\ISE\bin\nt64\unwrapped\fuse.exe -intstyle ise -incremental -lib unisims_ver -lib unimacro_ver -lib xilinxcorelib_ver -lib secureip -o D:/ISE/project/jizu/shiyan3/test3_isim_beh.exe -prj D:/ISE/project/jizu/shiyan3/test3_beh.prj work.test3 work.glbl 
ISim P.68d (signature 0x7708f090)
Number of CPUs detected in this system: 4
Turning on mult-threading, number of parallel sub-compilation jobs: 8 
Determining compilation order of HDL files
Analyzing Verilog file "D:/ISE/project/jizu/shiyan3/ALU.v" into library work
Analyzing Verilog file "D:/ISE/project/jizu/shiyan3/shiyan3.v" into library work
Analyzing Verilog file "D:/ISE/project/jizu/shiyan3/test3.v" into library work
Analyzing Verilog file "D:/ISE/14.6/ISE_DS/ISE//verilog/src/glbl.v" into library work
Starting static elaboration
Completed static elaboration
Compiling module ALU
Compiling module shiyan3
Compiling module test3
Compiling module glbl
Time Resolution for simulation is 1ps.
Compiled 4 Verilog Units
Built simulation executable D:/ISE/project/jizu/shiyan3/test3_isim_beh.exe
Fuse Memory Usage: 26696 KB
Fuse CPU Usage: 1468 ms
