Running: D:\ISE\14.6\ISE_DS\ISE\bin\nt64\unwrapped\fuse.exe -intstyle ise -incremental -lib unisims_ver -lib unimacro_ver -lib xilinxcorelib_ver -lib secureip -o D:/ISE/project/jizu/shiyan5/test_5_isim_beh.exe -prj D:/ISE/project/jizu/shiyan5/test_5_beh.prj work.test_5 work.glbl 
ISim P.68d (signature 0x7708f090)
Number of CPUs detected in this system: 4
Turning on mult-threading, number of parallel sub-compilation jobs: 8 
Determining compilation order of HDL files
Analyzing Verilog file "D:/ISE/project/jizu/shiyan5/ipcore_dir/RAM_B.v" into library work
Analyzing Verilog file "D:/ISE/project/jizu/shiyan5/Top_Module.v" into library work
Analyzing Verilog file "D:/ISE/project/jizu/shiyan5/test_5.v" into library work
WARNING:HDLCompiler:568 - "D:/ISE/project/jizu/shiyan5/test_5.v" Line 47: Constant value is truncated to fit in <2> bits.
WARNING:HDLCompiler:568 - "D:/ISE/project/jizu/shiyan5/test_5.v" Line 53: Constant value is truncated to fit in <2> bits.
WARNING:HDLCompiler:568 - "D:/ISE/project/jizu/shiyan5/test_5.v" Line 57: Constant value is truncated to fit in <2> bits.
WARNING:HDLCompiler:568 - "D:/ISE/project/jizu/shiyan5/test_5.v" Line 61: Constant value is truncated to fit in <2> bits.
WARNING:HDLCompiler:568 - "D:/ISE/project/jizu/shiyan5/test_5.v" Line 65: Constant value is truncated to fit in <2> bits.
WARNING:HDLCompiler:568 - "D:/ISE/project/jizu/shiyan5/test_5.v" Line 69: Constant value is truncated to fit in <2> bits.
Analyzing Verilog file "D:/ISE/14.6/ISE_DS/ISE//verilog/src/glbl.v" into library work
Starting static elaboration
Completed static elaboration
Compiling module BLK_MEM_GEN_V7_3_output_stage(C_...
Compiling module BLK_MEM_GEN_V7_3_softecc_output_...
Compiling module BLK_MEM_GEN_V7_3_mem_module(C_CO...
Compiling module BLK_MEM_GEN_V7_3(C_FAMILY="spart...
Compiling module RAM_B
Compiling module Top_Module
Compiling module test_5
Compiling module glbl
Time Resolution for simulation is 1ps.
Waiting for 1 sub-compilation(s) to finish...
Compiled 8 Verilog Units
Built simulation executable D:/ISE/project/jizu/shiyan5/test_5_isim_beh.exe
Fuse Memory Usage: 31048 KB
Fuse CPU Usage: 2156 ms
