Release 14.6 - ngc2edif P.68d (nt64)
Copyright (c) 1995-2013 Xilinx, Inc.  All rights reserved.
Reading design Ins_ROM.ngc ...
WARNING:NetListWriters:298 - No output is written to Ins_ROM.xncf, ignored.
Processing design ...
   Preping design's networks ...
   Preping design's macros ...
  finished :Prep
Writing EDIF netlist file Ins_ROM.edif ...
ngc2edif: Total memory usage is 82096 kilobytes

Release 14.6 - ngc2edif P.68d (nt64)
Copyright (c) 1995-2013 Xilinx, Inc.  All rights reserved.
Reading design Ins_ROM.ngc ...
WARNING:NetListWriters:298 - No output is written to Ins_ROM.xncf, ignored.
Processing design ...
   Preping design's networks ...
   Preping design's macros ...
  finished :Prep
Writing EDIF netlist file Ins_ROM.edif ...
ngc2edif: Total memory usage is 82096 kilobytes

